
=== Thu Nov 15 17:51:50 2018

Packages were changed.
Update Mode: updateDependencies

The following packages were updated:
  com.unity.package-manager-ui from version 2.0.1 to 2.0.3

=== Thu Nov 15 22:30:54 2018

Packages were changed.
Update Mode: updateDependencies

The following packages were updated:
  com.unity.analytics from version 3.0.9 to 3.2.0

=== Wed Nov 21 22:12:40 2018

Packages were changed.
Update Mode: updateDependencies

The following packages were updated:
  com.unity.analytics from version 3.2.0 to 3.2.2

=== Sat Dec  8 14:23:43 2018

Packages were changed.
Update Mode: updateDependencies

The following packages were updated:
  com.unity.ads from version 2.0.8 to 2.3.1
  com.unity.collab-proxy from version 1.2.11 to 1.2.15
  com.unity.purchasing from version 2.0.1 to 2.0.3

=== Sun Mar 24 22:29:25 2019

Packages were changed.
Update Mode: updateDependencies

The following packages were updated:
  com.unity.package-manager-ui from version 2.0.3 to 2.0.7
